# JRE version: Java(TM) SE Runtime Environment (8.0_66-b18) (build 1.8.0_66-b18)
# Java VM: Java HotSpot(TM) 64-Bit Server VM (25.66-b18 mixed mode windows-amd64 compressed oops)
Heap:
 PSYoungGen      total 613376K, used 292428K [0x00000000d5c00000, 0x00000000ffd80000, 0x0000000100000000)
  eden space 587264K, 45% used [0x00000000d5c00000,0x00000000e60644a8,0x00000000f9980000)
  from space 26112K, 98% used [0x00000000f9980000,0x00000000fb2aec60,0x00000000fb300000)
  to   space 50688K, 0% used [0x00000000fcc00000,0x00000000fcc00000,0x00000000ffd80000)
 ParOldGen       total 136704K, used 71788K [0x0000000081400000, 0x0000000089980000, 0x00000000d5c00000)
  object space 136704K, 52% used [0x0000000081400000,0x0000000085a1b118,0x0000000089980000)
 Metaspace       used 16849K, capacity 17026K, committed 17152K, reserved 1064960K
  class space    used 1899K, capacity 1959K, committed 2048K, reserved 1048576K
GC Heap History (10 events):
Event: 1577.818 GC heap before
{Heap before GC invocations=578 (full 11):
 PSYoungGen      total 633856K, used 582656K [0x00000000d5c00000, 0x0000000100000000, 0x0000000100000000)
  eden space 582656K, 100% used [0x00000000d5c00000,0x00000000f9500000,0x00000000f9500000)
  from space 51200K, 0% used [0x00000000fcb00000,0x00000000fcb00000,0x00000000ffd00000)
  to   space 54784K, 0% used [0x00000000f9500000,0x00000000f9500000,0x00000000fca80000)
 ParOldGen       total 136704K, used 66958K [0x0000000081400000, 0x0000000089980000, 0x00000000d5c00000)
  object space 136704K, 48% used [0x0000000081400000,0x0000000085563bb8,0x0000000089980000)
 Metaspace       used 16849K, capacity 17026K, committed 17152K, reserved 1064960K
  class space    used 1899K, capacity 1959K, committed 2048K, reserved 1048576K
Event: 1577.964 GC heap after
Heap after GC invocations=578 (full 11):
 PSYoungGen      total 637440K, used 34408K [0x00000000d5c00000, 0x0000000100000000, 0x0000000100000000)
  eden space 582656K, 0% used [0x00000000d5c00000,0x00000000d5c00000,0x00000000f9500000)
  from space 54784K, 62% used [0x00000000f9500000,0x00000000fb69a0e8,0x00000000fca80000)
  to   space 53760K, 0% used [0x00000000fcb80000,0x00000000fcb80000,0x0000000100000000)
 ParOldGen       total 136704K, used 66958K [0x0000000081400000, 0x0000000089980000, 0x00000000d5c00000)
  object space 136704K, 48% used [0x0000000081400000,0x0000000085563bb8,0x0000000089980000)
 Metaspace       used 16849K, capacity 17026K, committed 17152K, reserved 1064960K
  class space    used 1899K, capacity 1959K, committed 2048K, reserved 1048576K
}
Event: 1580.710 GC heap before
{Heap before GC invocations=579 (full 11):
 PSYoungGen      total 637440K, used 617064K [0x00000000d5c00000, 0x0000000100000000, 0x0000000100000000)
  eden space 582656K, 100% used [0x00000000d5c00000,0x00000000f9500000,0x00000000f9500000)
  from space 54784K, 62% used [0x00000000f9500000,0x00000000fb69a0e8,0x00000000fca80000)
  to   space 53760K, 0% used [0x00000000fcb80000,0x00000000fcb80000,0x0000000100000000)
 ParOldGen       total 136704K, used 66958K [0x0000000081400000, 0x0000000089980000, 0x00000000d5c00000)
  object space 136704K, 48% used [0x0000000081400000,0x0000000085563bb8,0x0000000089980000)
 Metaspace       used 16849K, capacity 17026K, committed 17152K, reserved 1064960K
  class space    used 1899K, capacity 1959K, committed 2048K, reserved 1048576K
Event: 1580.832 GC heap after
Heap after GC invocations=579 (full 11):
 PSYoungGen      total 634368K, used 24396K [0x00000000d5c00000, 0x00000000ffd00000, 0x0000000100000000)
  eden space 583680K, 0% used [0x00000000d5c00000,0x00000000d5c00000,0x00000000f9600000)
  from space 50688K, 48% used [0x00000000fcb80000,0x00000000fe353300,0x00000000ffd00000)
  to   space 52736K, 0% used [0x00000000f9600000,0x00000000f9600000,0x00000000fc980000)
 ParOldGen       total 136704K, used 68916K [0x0000000081400000, 0x0000000089980000, 0x00000000d5c00000)
  object space 136704K, 50% used [0x0000000081400000,0x000000008574d118,0x0000000089980000)
 Metaspace       used 16849K, capacity 17026K, committed 17152K, reserved 1064960K
  class space    used 1899K, capacity 1959K, committed 2048K, reserved 1048576K
}
Event: 1583.513 GC heap before
{Heap before GC invocations=580 (full 11):
 PSYoungGen      total 634368K, used 608076K [0x00000000d5c00000, 0x00000000ffd00000, 0x0000000100000000)
  eden space 583680K, 100% used [0x00000000d5c00000,0x00000000f9600000,0x00000000f9600000)
  from space 50688K, 48% used [0x00000000fcb80000,0x00000000fe353300,0x00000000ffd00000)
  to   space 52736K, 0% used [0x00000000f9600000,0x00000000f9600000,0x00000000fc980000)
 ParOldGen       total 136704K, used 68916K [0x0000000081400000, 0x0000000089980000, 0x00000000d5c00000)
  object space 136704K, 50% used [0x0000000081400000,0x000000008574d118,0x0000000089980000)
 Metaspace       used 16849K, capacity 17026K, committed 17152K, reserved 1064960K
  class space    used 1899K, capacity 1959K, committed 2048K, reserved 1048576K
Event: 1583.642 GC heap after
Heap after GC invocations=580 (full 11):
 PSYoungGen      total 636416K, used 34945K [0x00000000d5c00000, 0x0000000100000000, 0x0000000100000000)
  eden space 583680K, 0% used [0x00000000d5c00000,0x00000000d5c00000,0x00000000f9600000)
  from space 52736K, 66% used [0x00000000f9600000,0x00000000fb820778,0x00000000fc980000)
  to   space 52224K, 0% used [0x00000000fcd00000,0x00000000fcd00000,0x0000000100000000)
 ParOldGen       total 136704K, used 69964K [0x0000000081400000, 0x0000000089980000, 0x00000000d5c00000)
  object space 136704K, 51% used [0x0000000081400000,0x0000000085853118,0x0000000089980000)
 Metaspace       used 16849K, capacity 17026K, committed 17152K, reserved 1064960K
  class space    used 1899K, capacity 1959K, committed 2048K, reserved 1048576K
}
Event: 1586.352 GC heap before
{Heap before GC invocations=581 (full 11):
 PSYoungGen      total 636416K, used 618625K [0x00000000d5c00000, 0x0000000100000000, 0x0000000100000000)
  eden space 583680K, 100% used [0x00000000d5c00000,0x00000000f9600000,0x00000000f9600000)
  from space 52736K, 66% used [0x00000000f9600000,0x00000000fb820778,0x00000000fc980000)
  to   space 52224K, 0% used [0x00000000fcd00000,0x00000000fcd00000,0x0000000100000000)
 ParOldGen       total 136704K, used 69964K [0x0000000081400000, 0x0000000089980000, 0x00000000d5c00000)
  object space 136704K, 51% used [0x0000000081400000,0x0000000085853118,0x0000000089980000)
 Metaspace       used 16849K, capacity 17026K, committed 17152K, reserved 1064960K
  class space    used 1899K, capacity 1959K, committed 2048K, reserved 1048576K
Event: 1586.493 GC heap after
Heap after GC invocations=581 (full 11):
 PSYoungGen      total 638976K, used 36426K [0x00000000d5c00000, 0x00000000fff80000, 0x0000000100000000)
  eden space 587264K, 0% used [0x00000000d5c00000,0x00000000d5c00000,0x00000000f9980000)
  from space 51712K, 70% used [0x00000000fcd00000,0x00000000ff0929a0,0x00000000fff80000)
  to   space 52224K, 0% used [0x00000000f9980000,0x00000000f9980000,0x00000000fcc80000)
 ParOldGen       total 136704K, used 70876K [0x0000000081400000, 0x0000000089980000, 0x00000000d5c00000)
  object space 136704K, 51% used [0x0000000081400000,0x0000000085937118,0x0000000089980000)
 Metaspace       used 16849K, capacity 17026K, committed 17152K, reserved 1064960K
  class space    used 1899K, capacity 1959K, committed 2048K, reserved 1048576K
}
Event: 1589.257 GC heap before
{Heap before GC invocations=582 (full 11):
 PSYoungGen      total 638976K, used 622255K [0x00000000d5c00000, 0x00000000fff80000, 0x0000000100000000)
  eden space 587264K, 99% used [0x00000000d5c00000,0x00000000f98193e8,0x00000000f9980000)
  from space 51712K, 70% used [0x00000000fcd00000,0x00000000ff0929a0,0x00000000fff80000)
  to   space 52224K, 0% used [0x00000000f9980000,0x00000000f9980000,0x00000000fcc80000)
 ParOldGen       total 136704K, used 70876K [0x0000000081400000, 0x0000000089980000, 0x00000000d5c00000)
  object space 136704K, 51% used [0x0000000081400000,0x0000000085937118,0x0000000089980000)
 Metaspace       used 16849K, capacity 17026K, committed 17152K, reserved 1064960K
  class space    used 1899K, capacity 1959K, committed 2048K, reserved 1048576K
Event: 1589.364 GC heap after
Heap after GC invocations=582 (full 11):
 PSYoungGen      total 613376K, used 25787K [0x00000000d5c00000, 0x00000000ffd80000, 0x0000000100000000)
  eden space 587264K, 0% used [0x00000000d5c00000,0x00000000d5c00000,0x00000000f9980000)
  from space 26112K, 98% used [0x00000000f9980000,0x00000000fb2aec60,0x00000000fb300000)
  to   space 50688K, 0% used [0x00000000fcc00000,0x00000000fcc00000,0x00000000ffd80000)
 ParOldGen       total 136704K, used 71788K [0x0000000081400000, 0x0000000089980000, 0x00000000d5c00000)
  object space 136704K, 52% used [0x0000000081400000,0x0000000085a1b118,0x0000000089980000)
 Metaspace       used 16849K, capacity 17026K, committed 17152K, reserved 1064960K
  class space    used 1899K, capacity 1959K, committed 2048K, reserved 1048576K
}

